<?xml version="1.0" encoding="UTF-8"?>
<testng-results ignored="0" total="1" passed="1" failed="0" skipped="0">
  <reporter-output>
  </reporter-output>
  <suite started-at="2023-03-23T23:40:12 IST" name="Default suite" finished-at="2023-03-23T23:40:43 IST" duration-ms="30665">
    <groups>
    </groups>
    <test started-at="2023-03-23T23:40:12 IST" name="Default test" finished-at="2023-03-23T23:40:43 IST" duration-ms="30665">
      <class name="uf.AddNewMember_Script">
        <test-method is-config="true" signature="loginpage()[pri:0, instance:uf.AddNewMember_Script@21282ed8]" started-at="2023-03-23T23:40:12 IST" name="loginpage" finished-at="2023-03-23T23:40:22 IST" duration-ms="9791" status="PASS">
          <reporter-output>
          </reporter-output>
        </test-method> <!-- loginpage -->
        <test-method signature="Add_NewMember()[pri:0, instance:uf.AddNewMember_Script@21282ed8]" started-at="2023-03-23T23:40:22 IST" name="Add_NewMember" finished-at="2023-03-23T23:40:43 IST" duration-ms="20787" status="PASS">
          <reporter-output>
          </reporter-output>
        </test-method> <!-- Add_NewMember -->
      </class> <!-- uf.AddNewMember_Script -->
    </test> <!-- Default test -->
  </suite> <!-- Default suite -->
</testng-results>
